nohup: ignoring input
====================================================
  pyusb2can + CyberGear 三轮小车控制
====================================================
[Main] USB2CAN 已连接
pygame 2.6.1 (SDL 2.28.4, Python 3.10.12)
Hello from the pygame community. https://www.pygame.org/contribute.html
[Gamepad] 已连接手柄: BEITONG BTP-KP20D BFM DONGLE

====================================================
  pyusb2can + CyberGear 三轮小车手柄控制
====================================================
左摇杆 : 前后 / 左右
右摇杆 : 旋转
A 键   : 失能电机
B 键   : 使能电机
BACK   : 退出
====================================================

[Gamepad] B键: 使能电机
[Gamepad] BACK/SELECT: 退出
[Main] 停车并断开...
